header

Zt001AEBCFx0000y0000z0000a0000b0000c0000w0000x0000y0000z0000s00
Gt001AEBFDr666Aa7044
Ft001AEC02p01873B
Zt001AEC08x0000y0000z0000a0000b0000c0000w0000x0000y0000z0000s00
Zt001AEC0Fx0000y0000z0000a0000b0000c0000w0000x0000y0000z0000s00
Ft001AEC14p01873E
Zt001AEC1Ax0000y0000z0000a0000b0000c0000w0000x0000y0000z0000s00
Ft001AEC20p01873B
Zt001AEC26x0000y0000z0000a0000b0000c0000w0000x0000y0000z0000s00
Gt001AEC2Cr6662a7040
Ft001AEC31p01873B
Zt001AEC37x0000y0000z0000a0000b0000c0000w0000x0000y0000z0000s00
Ft001AEC3Dp01873C
Zt001AEC42x0000y0000z0000a0000b0000c0000w0000x0000y0000z0000s00
Ft001AEC48p01873A
Zt001AEC4Ex0000y0000z0000a0000b0000c0000w0000x0000y0000z0000s00
Gt001BF7D8r658Aa7090
Zt001BF7E0x0000y0000z0000a0000b0000c0000w0000x0000y0000z0000s00
Ft001BF7E6p01873B
Zt001BF7EBx0000y0000z0000a0000b0000c0000w0000x0000y0000z0000s00
Ft001BF7F0p01873C
Zt001BF7F6x0000y0000z0000a0000b0000c0000w0000x0000y0000z0000s00
Gt001BF7FBr6582a7094
Ft001BF801p01873D
Zt001BF806x0000y0000z0000a0000b0000c0000w0000x0000y0000z0000s00
Ft001BF80Cp01873A
Zt001BF812x0000y0000z0000a0000b0000c0000w0000x0000y0000z0000s00
Ft001BF817p01873D
Zt001BF81Ex0000y0000z0000a0000b0000c0000w0000x0000y0000z0000s00
Gt001BF823r658Aa7094
Ft001BF829p018738
Zt001BF82Fx0000y0000z0000a0000b0000c0000w0000x0000y0000z0000s00
Ft001BF835p01873B
Zt001BF83Ax0000y0000z0000a0000b0000c0000w0000x0000y0000z0000s00
Ft001BF840p01873C
Zt001BF846x0000y0000z0000a0000b0000c0000w0000x0000y0000z0000s00
Gt001BF84Br658Ea7094
Ft001BF851p01873C
Zt001BF857x0000y0000z0000a0000b0000c0000w0000x0000y0000z0000s00
Zt001BF85Ex0000y0000z0000a0000b0000c0000w0000x0000y0000z0000s00
Gt001BF88Br658Aa7090
Ft001BF891p018739
Zt001BF896x0000y0000z0000a0000b0000c0000w0000x0000y0000z0000s00
Zt001BF89Ex0000y0000z0000a0000b0000c0000w0000x0000y0000z0000s00
Ft001BF8A4p01873C
Zt001BF8AAx0000y0000z0000a0000b0000c0000w0000x0000y0000z0000s00
Ft001BF8AFp01873A
Zt001BF8B5x0000y0000z0000a0000b0000c0000w0000x0000y0000z0000s00
Gt001BF8BBr658Aa708C
Ft001BF8C1p01873D
Zt001BF8C6x0000y0000z0000a0000b0000c0000w0000x0000y0000z0000s00
Ft001BF8CCp01873B
Zt001BF8D2x0000y0000z0000a0000b0000c0000w0000x0000y0000z0000s00
Ft001BF8D8p01873D
Zt001BF8DDx0000y0000z0000a0000b0000c0000w0000x0000y0000z0000s00
Gt001BF8E3r6592a7098
Ft001BF8E8p01873C
Zt001BF8EFx0000y0000z0000a0000b0000c0000w0000x0000y0000z0000s00
Ft001BF8F5p01873C
Zt001BF8FAx0000y0000z0000a0000b0000c0000w0000x0000y0000z0000s00
Ft001BF900p01873D
Zt001BF906x0000y0000z0000a0000b0000c0000w0000x0000y0000z0000s00
Gt001BF90Br658Aa7094
Ft001BF911p01873C
Zt001BF917x0000y0000z0000a0000b0000c0000w0000x0000y0000z0000s00
Zt001BF91Ex0000y0000z0000a0000b0000c0000w0000x0000y0000z0000s00
Gt001BF94Br6586a7090
Ft001BF951p01873F
Zt001BF956x0000y0000z0000a0000b0000c0000w0000x0000y0000z0000s00
Zt001BF95Ex0000y0000z0000a0000b0000c0000w0000x0000y0000z0000s00
Ft001BF963p01873B
Zt001BF969x0000y0000z0000a0000b0000c0000w0000x0000y0000z0000s00
Ft001BF96Fp01873B
Zt001BF975x0000y0000z0000a0000b0000c0000w0000x0000y0000z0000s00
Gt001BF97Br6596a7098
Ft001BF981p01873C
Zt001BF986x0000y0000z0000a0000b0000c0000w0000x0000y0000z0000s00
Ft001BF98Cp01873C
Zt001BF992x0000y0000z0000a0000b0000c0000w0000x0000y0000z0000s00
Ft001BF998p01873F
Zt001BF99Ex0000y0000z0000a0000b0000c0000w0000x0000y0000z0000s00
Gt001BF9A3r658Aa7098
Ft001BF9A9p01873A
Zt001BF9AEx0000y0000z0000a0000b0000c0000w0000x0000y0000z0000s00
Ft001BF9B4p01873D
Zt001BF9BAx0000y0000z0000a0000b0000c0000w0000x0000y0000z0000s00
Ft001BF9C1p01873D
Zt001BF9C7x0000y0000z0000a0000b0000c0000w0000x0000y0000z0000s00
Gt001BF9CCr6592a7090
Ft001BF9D2p018739
Zt001BF9D8x0000y0000z0000a0000b0000c0000w0000x0000y0000z0000s00
Zt001BF9DFx0000y0000z0000a0000b0000c0000w0000x0000y0000z0000s00
Gt001BFA0Cr658Aa7094
Ft001BFA12p01873D
Zt001BFA17x0000y0000z0000a0000b0000c0000w0000x0000y0000z0000s00
Zt001BFA1Fx0000y0000z0000a0000b0000c0000w0000x0000y0000z0000s00
Ft001BFA25p01873E
Zt001BFA2Bx0000y0000z0000a0000b0000c0000w0000x0000y0000z0000s00
Gt001BFA32r6586a7090
Ft001BFA37p01873C
